Determining if the pthread_create exist failed with the following output:
Change Dir: /home/varun/tiago_public_ws/build/gazebo_plugins/CMakeFiles/CMakeTmp

Run Build Command:"/usr/bin/make" "cmTC_f508e/fast"
/usr/bin/make -f CMakeFiles/cmTC_f508e.dir/build.make CMakeFiles/cmTC_f508e.dir/build
make[1]: Entering directory '/home/varun/tiago_public_ws/build/gazebo_plugins/CMakeFiles/CMakeTmp'
Building C object CMakeFiles/cmTC_f508e.dir/CheckSymbolExists.c.o
/usr/bin/cc    -o CMakeFiles/cmTC_f508e.dir/CheckSymbolExists.c.o   -c /home/varun/tiago_public_ws/build/gazebo_plugins/CMakeFiles/CMakeTmp/CheckSymbolExists.c
Linking C executable cmTC_f508e
/usr/bin/cmake -E cmake_link_script CMakeFiles/cmTC_f508e.dir/link.txt --verbose=1
/usr/bin/cc      -rdynamic CMakeFiles/cmTC_f508e.dir/CheckSymbolExists.c.o  -o cmTC_f508e 
CMakeFiles/cmTC_f508e.dir/CheckSymbolExists.c.o: In function `main':
CheckSymbolExists.c:(.text+0x1b): undefined reference to `pthread_create'
collect2: error: ld returned 1 exit status
CMakeFiles/cmTC_f508e.dir/build.make:97: recipe for target 'cmTC_f508e' failed
make[1]: *** [cmTC_f508e] Error 1
make[1]: Leaving directory '/home/varun/tiago_public_ws/build/gazebo_plugins/CMakeFiles/CMakeTmp'
Makefile:126: recipe for target 'cmTC_f508e/fast' failed
make: *** [cmTC_f508e/fast] Error 2

File /home/varun/tiago_public_ws/build/gazebo_plugins/CMakeFiles/CMakeTmp/CheckSymbolExists.c:
/* */
#include <pthread.h>

int main(int argc, char** argv)
{
  (void)argv;
#ifndef pthread_create
  return ((int*)(&pthread_create))[argc];
#else
  (void)argc;
  return 0;
#endif
}

Determining if the function pthread_create exists in the pthreads failed with the following output:
Change Dir: /home/varun/tiago_public_ws/build/gazebo_plugins/CMakeFiles/CMakeTmp

Run Build Command:"/usr/bin/make" "cmTC_dc776/fast"
/usr/bin/make -f CMakeFiles/cmTC_dc776.dir/build.make CMakeFiles/cmTC_dc776.dir/build
make[1]: Entering directory '/home/varun/tiago_public_ws/build/gazebo_plugins/CMakeFiles/CMakeTmp'
Building C object CMakeFiles/cmTC_dc776.dir/CheckFunctionExists.c.o
/usr/bin/cc   -DCHECK_FUNCTION_EXISTS=pthread_create   -o CMakeFiles/cmTC_dc776.dir/CheckFunctionExists.c.o   -c /usr/share/cmake-3.10/Modules/CheckFunctionExists.c
Linking C executable cmTC_dc776
/usr/bin/cmake -E cmake_link_script CMakeFiles/cmTC_dc776.dir/link.txt --verbose=1
/usr/bin/cc  -DCHECK_FUNCTION_EXISTS=pthread_create    -rdynamic CMakeFiles/cmTC_dc776.dir/CheckFunctionExists.c.o  -o cmTC_dc776 -lpthreads 
/usr/bin/ld: cannot find -lpthreads
collect2: error: ld returned 1 exit status
CMakeFiles/cmTC_dc776.dir/build.make:97: recipe for target 'cmTC_dc776' failed
make[1]: *** [cmTC_dc776] Error 1
make[1]: Leaving directory '/home/varun/tiago_public_ws/build/gazebo_plugins/CMakeFiles/CMakeTmp'
Makefile:126: recipe for target 'cmTC_dc776/fast' failed
make: *** [cmTC_dc776/fast] Error 2


