Determining if the pthread_create exist failed with the following output:
Change Dir: /home/varun/tiago_public_ws/build/pal_statistics/CMakeFiles/CMakeTmp

Run Build Command:"/usr/bin/make" "cmTC_241c2/fast"
/usr/bin/make -f CMakeFiles/cmTC_241c2.dir/build.make CMakeFiles/cmTC_241c2.dir/build
make[1]: Entering directory '/home/varun/tiago_public_ws/build/pal_statistics/CMakeFiles/CMakeTmp'
Building C object CMakeFiles/cmTC_241c2.dir/CheckSymbolExists.c.o
/usr/bin/cc    -o CMakeFiles/cmTC_241c2.dir/CheckSymbolExists.c.o   -c /home/varun/tiago_public_ws/build/pal_statistics/CMakeFiles/CMakeTmp/CheckSymbolExists.c
Linking C executable cmTC_241c2
/usr/bin/cmake -E cmake_link_script CMakeFiles/cmTC_241c2.dir/link.txt --verbose=1
/usr/bin/cc      -rdynamic CMakeFiles/cmTC_241c2.dir/CheckSymbolExists.c.o  -o cmTC_241c2 
CMakeFiles/cmTC_241c2.dir/CheckSymbolExists.c.o: In function `main':
CheckSymbolExists.c:(.text+0x1b): undefined reference to `pthread_create'
collect2: error: ld returned 1 exit status
CMakeFiles/cmTC_241c2.dir/build.make:97: recipe for target 'cmTC_241c2' failed
make[1]: *** [cmTC_241c2] Error 1
make[1]: Leaving directory '/home/varun/tiago_public_ws/build/pal_statistics/CMakeFiles/CMakeTmp'
Makefile:126: recipe for target 'cmTC_241c2/fast' failed
make: *** [cmTC_241c2/fast] Error 2

File /home/varun/tiago_public_ws/build/pal_statistics/CMakeFiles/CMakeTmp/CheckSymbolExists.c:
/* */
#include <pthread.h>

int main(int argc, char** argv)
{
  (void)argv;
#ifndef pthread_create
  return ((int*)(&pthread_create))[argc];
#else
  (void)argc;
  return 0;
#endif
}

Determining if the function pthread_create exists in the pthreads failed with the following output:
Change Dir: /home/varun/tiago_public_ws/build/pal_statistics/CMakeFiles/CMakeTmp

Run Build Command:"/usr/bin/make" "cmTC_2901a/fast"
/usr/bin/make -f CMakeFiles/cmTC_2901a.dir/build.make CMakeFiles/cmTC_2901a.dir/build
make[1]: Entering directory '/home/varun/tiago_public_ws/build/pal_statistics/CMakeFiles/CMakeTmp'
Building C object CMakeFiles/cmTC_2901a.dir/CheckFunctionExists.c.o
/usr/bin/cc   -DCHECK_FUNCTION_EXISTS=pthread_create   -o CMakeFiles/cmTC_2901a.dir/CheckFunctionExists.c.o   -c /usr/share/cmake-3.10/Modules/CheckFunctionExists.c
Linking C executable cmTC_2901a
/usr/bin/cmake -E cmake_link_script CMakeFiles/cmTC_2901a.dir/link.txt --verbose=1
/usr/bin/cc  -DCHECK_FUNCTION_EXISTS=pthread_create    -rdynamic CMakeFiles/cmTC_2901a.dir/CheckFunctionExists.c.o  -o cmTC_2901a -lpthreads 
/usr/bin/ld: cannot find -lpthreads
collect2: error: ld returned 1 exit status
CMakeFiles/cmTC_2901a.dir/build.make:97: recipe for target 'cmTC_2901a' failed
make[1]: *** [cmTC_2901a] Error 1
make[1]: Leaving directory '/home/varun/tiago_public_ws/build/pal_statistics/CMakeFiles/CMakeTmp'
Makefile:126: recipe for target 'cmTC_2901a/fast' failed
make: *** [cmTC_2901a/fast] Error 2


