Determining if the pthread_create exist failed with the following output:
Change Dir: /home/varun/tiago_public_ws/build/pal_gazebo_plugins/CMakeFiles/CMakeTmp

Run Build Command:"/usr/bin/make" "cmTC_6749b/fast"
/usr/bin/make -f CMakeFiles/cmTC_6749b.dir/build.make CMakeFiles/cmTC_6749b.dir/build
make[1]: Entering directory '/home/varun/tiago_public_ws/build/pal_gazebo_plugins/CMakeFiles/CMakeTmp'
Building C object CMakeFiles/cmTC_6749b.dir/CheckSymbolExists.c.o
/usr/bin/cc    -o CMakeFiles/cmTC_6749b.dir/CheckSymbolExists.c.o   -c /home/varun/tiago_public_ws/build/pal_gazebo_plugins/CMakeFiles/CMakeTmp/CheckSymbolExists.c
Linking C executable cmTC_6749b
/usr/bin/cmake -E cmake_link_script CMakeFiles/cmTC_6749b.dir/link.txt --verbose=1
/usr/bin/cc      -rdynamic CMakeFiles/cmTC_6749b.dir/CheckSymbolExists.c.o  -o cmTC_6749b 
CMakeFiles/cmTC_6749b.dir/CheckSymbolExists.c.o: In function `main':
CheckSymbolExists.c:(.text+0x1b): undefined reference to `pthread_create'
collect2: error: ld returned 1 exit status
CMakeFiles/cmTC_6749b.dir/build.make:97: recipe for target 'cmTC_6749b' failed
make[1]: *** [cmTC_6749b] Error 1
make[1]: Leaving directory '/home/varun/tiago_public_ws/build/pal_gazebo_plugins/CMakeFiles/CMakeTmp'
Makefile:126: recipe for target 'cmTC_6749b/fast' failed
make: *** [cmTC_6749b/fast] Error 2

File /home/varun/tiago_public_ws/build/pal_gazebo_plugins/CMakeFiles/CMakeTmp/CheckSymbolExists.c:
/* */
#include <pthread.h>

int main(int argc, char** argv)
{
  (void)argv;
#ifndef pthread_create
  return ((int*)(&pthread_create))[argc];
#else
  (void)argc;
  return 0;
#endif
}

Determining if the function pthread_create exists in the pthreads failed with the following output:
Change Dir: /home/varun/tiago_public_ws/build/pal_gazebo_plugins/CMakeFiles/CMakeTmp

Run Build Command:"/usr/bin/make" "cmTC_dcd11/fast"
/usr/bin/make -f CMakeFiles/cmTC_dcd11.dir/build.make CMakeFiles/cmTC_dcd11.dir/build
make[1]: Entering directory '/home/varun/tiago_public_ws/build/pal_gazebo_plugins/CMakeFiles/CMakeTmp'
Building C object CMakeFiles/cmTC_dcd11.dir/CheckFunctionExists.c.o
/usr/bin/cc   -DCHECK_FUNCTION_EXISTS=pthread_create   -o CMakeFiles/cmTC_dcd11.dir/CheckFunctionExists.c.o   -c /usr/share/cmake-3.10/Modules/CheckFunctionExists.c
Linking C executable cmTC_dcd11
/usr/bin/cmake -E cmake_link_script CMakeFiles/cmTC_dcd11.dir/link.txt --verbose=1
/usr/bin/cc  -DCHECK_FUNCTION_EXISTS=pthread_create    -rdynamic CMakeFiles/cmTC_dcd11.dir/CheckFunctionExists.c.o  -o cmTC_dcd11 -lpthreads 
/usr/bin/ld: cannot find -lpthreads
collect2: error: ld returned 1 exit status
CMakeFiles/cmTC_dcd11.dir/build.make:97: recipe for target 'cmTC_dcd11' failed
make[1]: *** [cmTC_dcd11] Error 1
make[1]: Leaving directory '/home/varun/tiago_public_ws/build/pal_gazebo_plugins/CMakeFiles/CMakeTmp'
Makefile:126: recipe for target 'cmTC_dcd11/fast' failed
make: *** [cmTC_dcd11/fast] Error 2


