Determining if the pthread_create exist failed with the following output:
Change Dir: /home/varun/tiago_public_ws/build/head_action/CMakeFiles/CMakeTmp

Run Build Command:"/usr/bin/make" "cmTC_1f5e2/fast"
/usr/bin/make -f CMakeFiles/cmTC_1f5e2.dir/build.make CMakeFiles/cmTC_1f5e2.dir/build
make[1]: Entering directory '/home/varun/tiago_public_ws/build/head_action/CMakeFiles/CMakeTmp'
Building C object CMakeFiles/cmTC_1f5e2.dir/CheckSymbolExists.c.o
/usr/bin/cc    -o CMakeFiles/cmTC_1f5e2.dir/CheckSymbolExists.c.o   -c /home/varun/tiago_public_ws/build/head_action/CMakeFiles/CMakeTmp/CheckSymbolExists.c
Linking C executable cmTC_1f5e2
/usr/bin/cmake -E cmake_link_script CMakeFiles/cmTC_1f5e2.dir/link.txt --verbose=1
/usr/bin/cc      -rdynamic CMakeFiles/cmTC_1f5e2.dir/CheckSymbolExists.c.o  -o cmTC_1f5e2 
CMakeFiles/cmTC_1f5e2.dir/CheckSymbolExists.c.o: In function `main':
CheckSymbolExists.c:(.text+0x1b): undefined reference to `pthread_create'
collect2: error: ld returned 1 exit status
CMakeFiles/cmTC_1f5e2.dir/build.make:97: recipe for target 'cmTC_1f5e2' failed
make[1]: *** [cmTC_1f5e2] Error 1
make[1]: Leaving directory '/home/varun/tiago_public_ws/build/head_action/CMakeFiles/CMakeTmp'
Makefile:126: recipe for target 'cmTC_1f5e2/fast' failed
make: *** [cmTC_1f5e2/fast] Error 2

File /home/varun/tiago_public_ws/build/head_action/CMakeFiles/CMakeTmp/CheckSymbolExists.c:
/* */
#include <pthread.h>

int main(int argc, char** argv)
{
  (void)argv;
#ifndef pthread_create
  return ((int*)(&pthread_create))[argc];
#else
  (void)argc;
  return 0;
#endif
}

Determining if the function pthread_create exists in the pthreads failed with the following output:
Change Dir: /home/varun/tiago_public_ws/build/head_action/CMakeFiles/CMakeTmp

Run Build Command:"/usr/bin/make" "cmTC_eadc3/fast"
/usr/bin/make -f CMakeFiles/cmTC_eadc3.dir/build.make CMakeFiles/cmTC_eadc3.dir/build
make[1]: Entering directory '/home/varun/tiago_public_ws/build/head_action/CMakeFiles/CMakeTmp'
Building C object CMakeFiles/cmTC_eadc3.dir/CheckFunctionExists.c.o
/usr/bin/cc   -DCHECK_FUNCTION_EXISTS=pthread_create   -o CMakeFiles/cmTC_eadc3.dir/CheckFunctionExists.c.o   -c /usr/share/cmake-3.10/Modules/CheckFunctionExists.c
Linking C executable cmTC_eadc3
/usr/bin/cmake -E cmake_link_script CMakeFiles/cmTC_eadc3.dir/link.txt --verbose=1
/usr/bin/cc  -DCHECK_FUNCTION_EXISTS=pthread_create    -rdynamic CMakeFiles/cmTC_eadc3.dir/CheckFunctionExists.c.o  -o cmTC_eadc3 -lpthreads 
/usr/bin/ld: cannot find -lpthreads
collect2: error: ld returned 1 exit status
CMakeFiles/cmTC_eadc3.dir/build.make:97: recipe for target 'cmTC_eadc3' failed
make[1]: *** [cmTC_eadc3] Error 1
make[1]: Leaving directory '/home/varun/tiago_public_ws/build/head_action/CMakeFiles/CMakeTmp'
Makefile:126: recipe for target 'cmTC_eadc3/fast' failed
make: *** [cmTC_eadc3/fast] Error 2


